Сборка начата 16.12.2024 12:54:50.
Уровень детализации журнала: Normal.     1>Проект "D:\KAA-2024\LIB\LIB.vcxproj" в узле 2 (целевые объекты Build).
     1>InitializeBuildStatus:
         Создание "Debug\LIB.tlog\unsuccessfulbuild", так как было задано "AlwaysCreate".
         Обращение к "Debug\LIB.tlog\unsuccessfulbuild".
       ClCompile:
         C:\Program Files\Microsoft Visual Studio\2022\Preview\VC\Tools\MSVC\14.38.32919\bin\HostX86\x86\CL.exe /c /ZI /JMC /nologo /W3 /WX- /diagnostics:column /sdl /Od /Oy- /D WIN32 /D _DEBUG /D _LIB /D _UNICODE /D UNICODE /Gm- /EHsc /RTC1 /MDd /GS /fp:precise /Zc:wchar_t /Zc:forScope /Zc:inline /permissive- /Fo"Debug\\" /Fd"D:\KAA-2024\Debug\LIB.pdb" /external:W3 /Gd /TP /analyze- /FC /errorReport:prompt Lib.cpp
         Lib.cpp
     1>D:\KAA-2024\LIB\Lib.cpp(11,13): warning C4244: return: преобразование "double" в "int", возможна потеря данных
       Lib:
         C:\Program Files\Microsoft Visual Studio\2022\Preview\VC\Tools\MSVC\14.38.32919\bin\HostX86\x86\Lib.exe /OUT:"D:\KAA-2024\Debug\LIB.lib" /NOLOGO /MACHINE:X86 Debug\Lib.obj
         LIB.vcxproj -> D:\KAA-2024\Debug\LIB.lib
       FinalizeBuildStatus:
         Файл "Debug\LIB.tlog\unsuccessfulbuild" удаляется.
         Обращение к "Debug\LIB.tlog\LIB.lastbuildstate".
     1>Сборка проекта "D:\KAA-2024\LIB\LIB.vcxproj" завершена (целевые объекты Build).

Сборка успешно завершена.

       "D:\KAA-2024\LIB\LIB.vcxproj" (целевой объект Build ) (1) ->
       (Целевой объект ClCompile) -> 
         D:\KAA-2024\LIB\Lib.cpp(11,13): warning C4244: return: преобразование "double" в "int", возможна потеря данных

    Предупреждений: 1
    Ошибок: 0

Прошло времени 00:00:00.92
