Сборка начата 16.12.2024 12:35:57.
Уровень детализации журнала: Normal.     1>Проект "D:\KAA-2024\KAA-2024\KAA-2024.vcxproj" в узле 2 (целевые объекты Build).
     1>InitializeBuildStatus:
         Создание "Debug\KAA-2024.tlog\unsuccessfulbuild", так как было задано "AlwaysCreate".
         Обращение к "Debug\KAA-2024.tlog\unsuccessfulbuild".
       ClCompile:
         C:\Program Files\Microsoft Visual Studio\2022\Preview\VC\Tools\MSVC\14.38.32919\bin\HostX86\x86\CL.exe /c /ZI /JMC /nologo /W3 /WX- /diagnostics:column /sdl /Od /Oy- /D WIN32 /D _DEBUG /D _CONSOLE /D _UNICODE /D UNICODE /Gm- /EHsc /RTC1 /MDd /GS /fp:precise /Zc:wchar_t /Zc:forScope /Zc:inline /permissive- /Fo"Debug\\" /Fd"Debug\vc143.pdb" /external:W3 /Gd /TP /analyze- /FC /errorReport:prompt "KAA-2024.cpp"
         KAA-2024.cpp
       Link:
         C:\Program Files\Microsoft Visual Studio\2022\Preview\VC\Tools\MSVC\14.38.32919\bin\HostX86\x86\link.exe /ERRORREPORT:PROMPT /OUT:"D:\KAA-2024\Debug\KAA-2024.exe" /INCREMENTAL /ILK:"Debug\KAA-2024.ilk" /NOLOGO kernel32.lib user32.lib gdi32.lib winspool.lib comdlg32.lib advapi32.lib shell32.lib ole32.lib oleaut32.lib uuid.lib odbc32.lib odbccp32.lib /MANIFEST /MANIFESTUAC:"level='asInvoker' uiAccess='false'" /manifest:embed /DEBUG /PDB:"D:\KAA-2024\Debug\KAA-2024.pdb" /SUBSYSTEM:CONSOLE /TLBID:1 /DYNAMICBASE /NXCOMPAT /IMPLIB:"D:\KAA-2024\Debug\KAA-2024.lib" /MACHINE:X86 Debug\Error.obj
         Debug\FST.obj
         Debug\Generation.obj
         Debug\Greibach.obj
         Debug\In.obj
         Debug\IT.obj
         "Debug\KAA-2024.obj"
         Debug\LexAnalysis.obj
         Debug\Log.obj
         Debug\LT.obj
         Debug\MFST.obj
         Debug\Parm.obj
         Debug\Polish.obj
         Debug\SemAnalysis.obj
         KAA-2024.vcxproj -> D:\KAA-2024\Debug\KAA-2024.exe
       FinalizeBuildStatus:
         Файл "Debug\KAA-2024.tlog\unsuccessfulbuild" удаляется.
         Обращение к "Debug\KAA-2024.tlog\KAA-2024.lastbuildstate".
     1>Сборка проекта "D:\KAA-2024\KAA-2024\KAA-2024.vcxproj" завершена (целевые объекты Build).

Сборка успешно завершена.
    Предупреждений: 0
    Ошибок: 0

Прошло времени 00:00:01.04
