d:\kaa-2024\kaa-2024\debug\vc143.pdb
d:\kaa-2024\kaa-2024\debug\vc143.idb
d:\kaa-2024\kaa-2024\debug\semanalysis.obj
d:\kaa-2024\kaa-2024\debug\polish.obj
d:\kaa-2024\kaa-2024\debug\parm.obj
d:\kaa-2024\kaa-2024\debug\mfst.obj
d:\kaa-2024\kaa-2024\debug\lt.obj
d:\kaa-2024\kaa-2024\debug\log.obj
d:\kaa-2024\kaa-2024\debug\lexanalysis.obj
d:\kaa-2024\kaa-2024\debug\kaa-2024.obj
d:\kaa-2024\kaa-2024\debug\it.obj
d:\kaa-2024\kaa-2024\debug\in.obj
d:\kaa-2024\kaa-2024\debug\greibach.obj
d:\kaa-2024\kaa-2024\debug\generation.obj
d:\kaa-2024\kaa-2024\debug\fst.obj
d:\kaa-2024\kaa-2024\debug\error.obj
d:\kaa-2024\debug\kaa-2024.exe
d:\kaa-2024\kaa-2024\debug\kaa-2024.ilk
d:\kaa-2024\debug\kaa-2024.pdb
d:\kaa-2024\kaa-2024\debug\kaa-2024.tlog\cl.command.1.tlog
d:\kaa-2024\kaa-2024\debug\kaa-2024.tlog\cl.items.tlog
d:\kaa-2024\kaa-2024\debug\kaa-2024.tlog\cl.read.1.tlog
d:\kaa-2024\kaa-2024\debug\kaa-2024.tlog\cl.write.1.tlog
d:\kaa-2024\kaa-2024\debug\kaa-2024.tlog\link.command.1.tlog
d:\kaa-2024\kaa-2024\debug\kaa-2024.tlog\link.read.1.tlog
d:\kaa-2024\kaa-2024\debug\kaa-2024.tlog\link.write.1.tlog
